<?xml version="1.0" encoding="UTF-8"?>
<!-- Generated by org.testng.reporters.JUnitXMLReporter -->
<testsuite hostname="CF-CLIDE" ignored="0" tests="4" failures="0" timestamp="2020-03-09T11:36:21 CAT" time="13.186" errors="0">
  <testcase name="HomeTest" time="7.145" classname="TestOMF"/>
  <testcase name="personalLoans" time="2.858" classname="TestOMF"/>
  <testcase name="validateAmounts" time="0.746" classname="TestOMF"/>
  <testcase name="validateBreakdown" time="0.311" classname="TestOMF"/>
</testsuite>
