<?xml version="1.0" encoding="UTF-8"?>
<testng-results skipped="0" failed="0" ignored="0" total="4" passed="4">
  <reporter-output>
  </reporter-output>
  <suite name="Surefire suite" duration-ms="13186" started-at="2020-03-09T11:36:08 CAT" finished-at="2020-03-09T11:36:21 CAT">
    <groups>
    </groups>
    <test name="Surefire test" duration-ms="13186" started-at="2020-03-09T11:36:08 CAT" finished-at="2020-03-09T11:36:21 CAT">
      <class name="TestOMF">
        <test-method status="PASS" signature="setUp()[pri:0, instance:TestOMF@c430e6c]" name="setUp" is-config="true" duration-ms="19" started-at="2020-03-09T11:36:08 CAT" finished-at="2020-03-09T11:36:08 CAT">
          <reporter-output>
          </reporter-output>
        </test-method> <!-- setUp -->
        <test-method status="PASS" signature="HomeTest()[pri:1, instance:TestOMF@c430e6c]" name="HomeTest" duration-ms="7145" started-at="2020-03-09T11:36:08 CAT" finished-at="2020-03-09T11:36:15 CAT">
          <reporter-output>
          </reporter-output>
        </test-method> <!-- HomeTest -->
        <test-method status="PASS" signature="teardown(org.testng.ITestResult)[pri:0, instance:TestOMF@c430e6c]" name="teardown" is-config="true" duration-ms="89" started-at="2020-03-09T11:36:15 CAT" finished-at="2020-03-09T11:36:15 CAT">
          <params>
            <param index="0">
              <value>
                <![CDATA[[TestResult name=HomeTest status=SUCCESS method=TestOMF.HomeTest()[pri:1, instance:TestOMF@c430e6c] output={null}]]]>
              </value>
            </param>
          </params>
          <reporter-output>
          </reporter-output>
        </test-method> <!-- teardown -->
        <test-method status="PASS" signature="setUp()[pri:0, instance:TestOMF@c430e6c]" name="setUp" is-config="true" duration-ms="0" started-at="2020-03-09T11:36:15 CAT" finished-at="2020-03-09T11:36:15 CAT">
          <reporter-output>
          </reporter-output>
        </test-method> <!-- setUp -->
        <test-method status="PASS" signature="personalLoans()[pri:2, instance:TestOMF@c430e6c]" name="personalLoans" duration-ms="2858" started-at="2020-03-09T11:36:15 CAT" finished-at="2020-03-09T11:36:18 CAT">
          <reporter-output>
          </reporter-output>
        </test-method> <!-- personalLoans -->
        <test-method status="PASS" signature="teardown(org.testng.ITestResult)[pri:0, instance:TestOMF@c430e6c]" name="teardown" is-config="true" duration-ms="221" started-at="2020-03-09T11:36:18 CAT" finished-at="2020-03-09T11:36:18 CAT">
          <params>
            <param index="0">
              <value>
                <![CDATA[[TestResult name=personalLoans status=SUCCESS method=TestOMF.personalLoans()[pri:2, instance:TestOMF@c430e6c] output={null}]]]>
              </value>
            </param>
          </params>
          <reporter-output>
          </reporter-output>
        </test-method> <!-- teardown -->
        <test-method status="PASS" signature="validateAmounts()[pri:3, instance:TestOMF@c430e6c]" name="validateAmounts" duration-ms="746" started-at="2020-03-09T11:36:18 CAT" finished-at="2020-03-09T11:36:19 CAT">
          <reporter-output>
          </reporter-output>
        </test-method> <!-- validateAmounts -->
        <test-method status="PASS" signature="setUp()[pri:0, instance:TestOMF@c430e6c]" name="setUp" is-config="true" duration-ms="0" started-at="2020-03-09T11:36:18 CAT" finished-at="2020-03-09T11:36:18 CAT">
          <reporter-output>
          </reporter-output>
        </test-method> <!-- setUp -->
        <test-method status="PASS" signature="teardown(org.testng.ITestResult)[pri:0, instance:TestOMF@c430e6c]" name="teardown" is-config="true" duration-ms="201" started-at="2020-03-09T11:36:19 CAT" finished-at="2020-03-09T11:36:19 CAT">
          <params>
            <param index="0">
              <value>
                <![CDATA[[TestResult name=validateAmounts status=SUCCESS method=TestOMF.validateAmounts()[pri:3, instance:TestOMF@c430e6c] output={null}]]]>
              </value>
            </param>
          </params>
          <reporter-output>
          </reporter-output>
        </test-method> <!-- teardown -->
        <test-method status="PASS" signature="validateBreakdown()[pri:4, instance:TestOMF@c430e6c]" name="validateBreakdown" duration-ms="311" started-at="2020-03-09T11:36:19 CAT" finished-at="2020-03-09T11:36:19 CAT">
          <reporter-output>
          </reporter-output>
        </test-method> <!-- validateBreakdown -->
        <test-method status="PASS" signature="setUp()[pri:0, instance:TestOMF@c430e6c]" name="setUp" is-config="true" duration-ms="0" started-at="2020-03-09T11:36:19 CAT" finished-at="2020-03-09T11:36:19 CAT">
          <reporter-output>
          </reporter-output>
        </test-method> <!-- setUp -->
        <test-method status="PASS" signature="teardown(org.testng.ITestResult)[pri:0, instance:TestOMF@c430e6c]" name="teardown" is-config="true" duration-ms="178" started-at="2020-03-09T11:36:19 CAT" finished-at="2020-03-09T11:36:19 CAT">
          <params>
            <param index="0">
              <value>
                <![CDATA[[TestResult name=validateBreakdown status=SUCCESS method=TestOMF.validateBreakdown()[pri:4, instance:TestOMF@c430e6c] output={null}]]]>
              </value>
            </param>
          </params>
          <reporter-output>
          </reporter-output>
        </test-method> <!-- teardown -->
        <test-method status="PASS" signature="teardown2()[pri:0, instance:TestOMF@c430e6c]" name="teardown2" is-config="true" duration-ms="1396" started-at="2020-03-09T11:36:19 CAT" finished-at="2020-03-09T11:36:21 CAT">
          <reporter-output>
          </reporter-output>
        </test-method> <!-- teardown2 -->
      </class> <!-- TestOMF -->
    </test> <!-- Surefire test -->
  </suite> <!-- Surefire suite -->
</testng-results>
