<?xml version="1.0" encoding="UTF-8"?>
<testsuite xmlns:xsi="http://www.w3.org/2001/XMLSchema-instance" xsi:noNamespaceSchemaLocation="https://maven.apache.org/surefire/maven-surefire-plugin/xsd/surefire-test-report-3.0.xsd" version="3.0" name="TestOMF" time="16.585" tests="4" errors="0" skipped="0" failures="0">
  <properties>
[...]
</properties>
  <testcase name="HomeTest" classname="TestOMF" time="7.146"/>
  <testcase name="personalLoans" classname="TestOMF" time="2.857"/>
  <testcase name="validateAmounts" classname="TestOMF" time="0.746"/>
  <testcase name="validateBreakdown" classname="TestOMF" time="0.31"/>
</testsuite>